  main.cpp
Box2D.lib(b2BroadPhase.obj) : warning LNK4099: nie znaleziono pliku PDB „Box2D.pdb” z elementem „Box2D.lib(b2BroadPhase.obj)” lub w pozycji „A:\Frkatale++\moving_object\Debug\Box2D.pdb”; obiekt zostanie skonsolidowany bez informacji debugowania
Box2D.lib(b2CollideCircle.obj) : warning LNK4099: nie znaleziono pliku PDB „Box2D.pdb” z elementem „Box2D.lib(b2CollideCircle.obj)” lub w pozycji „A:\Frkatale++\moving_object\Debug\Box2D.pdb”; obiekt zostanie skonsolidowany bez informacji debugowania
Box2D.lib(b2CollideEdge.obj) : warning LNK4099: nie znaleziono pliku PDB „Box2D.pdb” z elementem „Box2D.lib(b2CollideEdge.obj)” lub w pozycji „A:\Frkatale++\moving_object\Debug\Box2D.pdb”; obiekt zostanie skonsolidowany bez informacji debugowania
Box2D.lib(b2CollidePolygon.obj) : warning LNK4099: nie znaleziono pliku PDB „Box2D.pdb” z elementem „Box2D.lib(b2CollidePolygon.obj)” lub w pozycji „A:\Frkatale++\moving_object\Debug\Box2D.pdb”; obiekt zostanie skonsolidowany bez informacji debugowania
Box2D.lib(b2Collision.obj) : warning LNK4099: nie znaleziono pliku PDB „Box2D.pdb” z elementem „Box2D.lib(b2Collision.obj)” lub w pozycji „A:\Frkatale++\moving_object\Debug\Box2D.pdb”; obiekt zostanie skonsolidowany bez informacji debugowania
Box2D.lib(b2Distance.obj) : warning LNK4099: nie znaleziono pliku PDB „Box2D.pdb” z elementem „Box2D.lib(b2Distance.obj)” lub w pozycji „A:\Frkatale++\moving_object\Debug\Box2D.pdb”; obiekt zostanie skonsolidowany bez informacji debugowania
Box2D.lib(b2DynamicTree.obj) : warning LNK4099: nie znaleziono pliku PDB „Box2D.pdb” z elementem „Box2D.lib(b2DynamicTree.obj)” lub w pozycji „A:\Frkatale++\moving_object\Debug\Box2D.pdb”; obiekt zostanie skonsolidowany bez informacji debugowania
Box2D.lib(b2TimeOfImpact.obj) : warning LNK4099: nie znaleziono pliku PDB „Box2D.pdb” z elementem „Box2D.lib(b2TimeOfImpact.obj)” lub w pozycji „A:\Frkatale++\moving_object\Debug\Box2D.pdb”; obiekt zostanie skonsolidowany bez informacji debugowania
Box2D.lib(b2ChainShape.obj) : warning LNK4099: nie znaleziono pliku PDB „Box2D.pdb” z elementem „Box2D.lib(b2ChainShape.obj)” lub w pozycji „A:\Frkatale++\moving_object\Debug\Box2D.pdb”; obiekt zostanie skonsolidowany bez informacji debugowania
Box2D.lib(b2EdgeShape.obj) : warning LNK4099: nie znaleziono pliku PDB „Box2D.pdb” z elementem „Box2D.lib(b2EdgeShape.obj)” lub w pozycji „A:\Frkatale++\moving_object\Debug\Box2D.pdb”; obiekt zostanie skonsolidowany bez informacji debugowania
Box2D.lib(b2PolygonShape.obj) : warning LNK4099: nie znaleziono pliku PDB „Box2D.pdb” z elementem „Box2D.lib(b2PolygonShape.obj)” lub w pozycji „A:\Frkatale++\moving_object\Debug\Box2D.pdb”; obiekt zostanie skonsolidowany bez informacji debugowania
Box2D.lib(b2BlockAllocator.obj) : warning LNK4099: nie znaleziono pliku PDB „Box2D.pdb” z elementem „Box2D.lib(b2BlockAllocator.obj)” lub w pozycji „A:\Frkatale++\moving_object\Debug\Box2D.pdb”; obiekt zostanie skonsolidowany bez informacji debugowania
Box2D.lib(b2Draw.obj) : warning LNK4099: nie znaleziono pliku PDB „Box2D.pdb” z elementem „Box2D.lib(b2Draw.obj)” lub w pozycji „A:\Frkatale++\moving_object\Debug\Box2D.pdb”; obiekt zostanie skonsolidowany bez informacji debugowania
Box2D.lib(b2Math.obj) : warning LNK4099: nie znaleziono pliku PDB „Box2D.pdb” z elementem „Box2D.lib(b2Math.obj)” lub w pozycji „A:\Frkatale++\moving_object\Debug\Box2D.pdb”; obiekt zostanie skonsolidowany bez informacji debugowania
Box2D.lib(b2Settings.obj) : warning LNK4099: nie znaleziono pliku PDB „Box2D.pdb” z elementem „Box2D.lib(b2Settings.obj)” lub w pozycji „A:\Frkatale++\moving_object\Debug\Box2D.pdb”; obiekt zostanie skonsolidowany bez informacji debugowania
Box2D.lib(b2StackAllocator.obj) : warning LNK4099: nie znaleziono pliku PDB „Box2D.pdb” z elementem „Box2D.lib(b2StackAllocator.obj)” lub w pozycji „A:\Frkatale++\moving_object\Debug\Box2D.pdb”; obiekt zostanie skonsolidowany bez informacji debugowania
Box2D.lib(b2Timer.obj) : warning LNK4099: nie znaleziono pliku PDB „Box2D.pdb” z elementem „Box2D.lib(b2Timer.obj)” lub w pozycji „A:\Frkatale++\moving_object\Debug\Box2D.pdb”; obiekt zostanie skonsolidowany bez informacji debugowania
Box2D.lib(b2Body.obj) : warning LNK4099: nie znaleziono pliku PDB „Box2D.pdb” z elementem „Box2D.lib(b2Body.obj)” lub w pozycji „A:\Frkatale++\moving_object\Debug\Box2D.pdb”; obiekt zostanie skonsolidowany bez informacji debugowania
Box2D.lib(b2ContactManager.obj) : warning LNK4099: nie znaleziono pliku PDB „Box2D.pdb” z elementem „Box2D.lib(b2ContactManager.obj)” lub w pozycji „A:\Frkatale++\moving_object\Debug\Box2D.pdb”; obiekt zostanie skonsolidowany bez informacji debugowania
Box2D.lib(b2Fixture.obj) : warning LNK4099: nie znaleziono pliku PDB „Box2D.pdb” z elementem „Box2D.lib(b2Fixture.obj)” lub w pozycji „A:\Frkatale++\moving_object\Debug\Box2D.pdb”; obiekt zostanie skonsolidowany bez informacji debugowania
Box2D.lib(b2Island.obj) : warning LNK4099: nie znaleziono pliku PDB „Box2D.pdb” z elementem „Box2D.lib(b2Island.obj)” lub w pozycji „A:\Frkatale++\moving_object\Debug\Box2D.pdb”; obiekt zostanie skonsolidowany bez informacji debugowania
Box2D.lib(b2World.obj) : warning LNK4099: nie znaleziono pliku PDB „Box2D.pdb” z elementem „Box2D.lib(b2World.obj)” lub w pozycji „A:\Frkatale++\moving_object\Debug\Box2D.pdb”; obiekt zostanie skonsolidowany bez informacji debugowania
Box2D.lib(b2WorldCallbacks.obj) : warning LNK4099: nie znaleziono pliku PDB „Box2D.pdb” z elementem „Box2D.lib(b2WorldCallbacks.obj)” lub w pozycji „A:\Frkatale++\moving_object\Debug\Box2D.pdb”; obiekt zostanie skonsolidowany bez informacji debugowania
Box2D.lib(b2ChainAndCircleContact.obj) : warning LNK4099: nie znaleziono pliku PDB „Box2D.pdb” z elementem „Box2D.lib(b2ChainAndCircleContact.obj)” lub w pozycji „A:\Frkatale++\moving_object\Debug\Box2D.pdb”; obiekt zostanie skonsolidowany bez informacji debugowania
Box2D.lib(b2ChainAndPolygonContact.obj) : warning LNK4099: nie znaleziono pliku PDB „Box2D.pdb” z elementem „Box2D.lib(b2ChainAndPolygonContact.obj)” lub w pozycji „A:\Frkatale++\moving_object\Debug\Box2D.pdb”; obiekt zostanie skonsolidowany bez informacji debugowania
Box2D.lib(b2CircleContact.obj) : warning LNK4099: nie znaleziono pliku PDB „Box2D.pdb” z elementem „Box2D.lib(b2CircleContact.obj)” lub w pozycji „A:\Frkatale++\moving_object\Debug\Box2D.pdb”; obiekt zostanie skonsolidowany bez informacji debugowania
Box2D.lib(b2Contact.obj) : warning LNK4099: nie znaleziono pliku PDB „Box2D.pdb” z elementem „Box2D.lib(b2Contact.obj)” lub w pozycji „A:\Frkatale++\moving_object\Debug\Box2D.pdb”; obiekt zostanie skonsolidowany bez informacji debugowania
Box2D.lib(b2ContactSolver.obj) : warning LNK4099: nie znaleziono pliku PDB „Box2D.pdb” z elementem „Box2D.lib(b2ContactSolver.obj)” lub w pozycji „A:\Frkatale++\moving_object\Debug\Box2D.pdb”; obiekt zostanie skonsolidowany bez informacji debugowania
Box2D.lib(b2EdgeAndCircleContact.obj) : warning LNK4099: nie znaleziono pliku PDB „Box2D.pdb” z elementem „Box2D.lib(b2EdgeAndCircleContact.obj)” lub w pozycji „A:\Frkatale++\moving_object\Debug\Box2D.pdb”; obiekt zostanie skonsolidowany bez informacji debugowania
Box2D.lib(b2EdgeAndPolygonContact.obj) : warning LNK4099: nie znaleziono pliku PDB „Box2D.pdb” z elementem „Box2D.lib(b2EdgeAndPolygonContact.obj)” lub w pozycji „A:\Frkatale++\moving_object\Debug\Box2D.pdb”; obiekt zostanie skonsolidowany bez informacji debugowania
Box2D.lib(b2PolygonAndCircleContact.obj) : warning LNK4099: nie znaleziono pliku PDB „Box2D.pdb” z elementem „Box2D.lib(b2PolygonAndCircleContact.obj)” lub w pozycji „A:\Frkatale++\moving_object\Debug\Box2D.pdb”; obiekt zostanie skonsolidowany bez informacji debugowania
Box2D.lib(b2PolygonContact.obj) : warning LNK4099: nie znaleziono pliku PDB „Box2D.pdb” z elementem „Box2D.lib(b2PolygonContact.obj)” lub w pozycji „A:\Frkatale++\moving_object\Debug\Box2D.pdb”; obiekt zostanie skonsolidowany bez informacji debugowania
Box2D.lib(b2DistanceJoint.obj) : warning LNK4099: nie znaleziono pliku PDB „Box2D.pdb” z elementem „Box2D.lib(b2DistanceJoint.obj)” lub w pozycji „A:\Frkatale++\moving_object\Debug\Box2D.pdb”; obiekt zostanie skonsolidowany bez informacji debugowania
Box2D.lib(b2FrictionJoint.obj) : warning LNK4099: nie znaleziono pliku PDB „Box2D.pdb” z elementem „Box2D.lib(b2FrictionJoint.obj)” lub w pozycji „A:\Frkatale++\moving_object\Debug\Box2D.pdb”; obiekt zostanie skonsolidowany bez informacji debugowania
Box2D.lib(b2GearJoint.obj) : warning LNK4099: nie znaleziono pliku PDB „Box2D.pdb” z elementem „Box2D.lib(b2GearJoint.obj)” lub w pozycji „A:\Frkatale++\moving_object\Debug\Box2D.pdb”; obiekt zostanie skonsolidowany bez informacji debugowania
Box2D.lib(b2Joint.obj) : warning LNK4099: nie znaleziono pliku PDB „Box2D.pdb” z elementem „Box2D.lib(b2Joint.obj)” lub w pozycji „A:\Frkatale++\moving_object\Debug\Box2D.pdb”; obiekt zostanie skonsolidowany bez informacji debugowania
Box2D.lib(b2MotorJoint.obj) : warning LNK4099: nie znaleziono pliku PDB „Box2D.pdb” z elementem „Box2D.lib(b2MotorJoint.obj)” lub w pozycji „A:\Frkatale++\moving_object\Debug\Box2D.pdb”; obiekt zostanie skonsolidowany bez informacji debugowania
Box2D.lib(b2MouseJoint.obj) : warning LNK4099: nie znaleziono pliku PDB „Box2D.pdb” z elementem „Box2D.lib(b2MouseJoint.obj)” lub w pozycji „A:\Frkatale++\moving_object\Debug\Box2D.pdb”; obiekt zostanie skonsolidowany bez informacji debugowania
Box2D.lib(b2PrismaticJoint.obj) : warning LNK4099: nie znaleziono pliku PDB „Box2D.pdb” z elementem „Box2D.lib(b2PrismaticJoint.obj)” lub w pozycji „A:\Frkatale++\moving_object\Debug\Box2D.pdb”; obiekt zostanie skonsolidowany bez informacji debugowania
Box2D.lib(b2PulleyJoint.obj) : warning LNK4099: nie znaleziono pliku PDB „Box2D.pdb” z elementem „Box2D.lib(b2PulleyJoint.obj)” lub w pozycji „A:\Frkatale++\moving_object\Debug\Box2D.pdb”; obiekt zostanie skonsolidowany bez informacji debugowania
Box2D.lib(b2RevoluteJoint.obj) : warning LNK4099: nie znaleziono pliku PDB „Box2D.pdb” z elementem „Box2D.lib(b2RevoluteJoint.obj)” lub w pozycji „A:\Frkatale++\moving_object\Debug\Box2D.pdb”; obiekt zostanie skonsolidowany bez informacji debugowania
Box2D.lib(b2RopeJoint.obj) : warning LNK4099: nie znaleziono pliku PDB „Box2D.pdb” z elementem „Box2D.lib(b2RopeJoint.obj)” lub w pozycji „A:\Frkatale++\moving_object\Debug\Box2D.pdb”; obiekt zostanie skonsolidowany bez informacji debugowania
Box2D.lib(b2WeldJoint.obj) : warning LNK4099: nie znaleziono pliku PDB „Box2D.pdb” z elementem „Box2D.lib(b2WeldJoint.obj)” lub w pozycji „A:\Frkatale++\moving_object\Debug\Box2D.pdb”; obiekt zostanie skonsolidowany bez informacji debugowania
Box2D.lib(b2WheelJoint.obj) : warning LNK4099: nie znaleziono pliku PDB „Box2D.pdb” z elementem „Box2D.lib(b2WheelJoint.obj)” lub w pozycji „A:\Frkatale++\moving_object\Debug\Box2D.pdb”; obiekt zostanie skonsolidowany bez informacji debugowania
  moving_object.vcxproj -> A:\Frkatale++\moving_object\Debug\moving_object.exe
