  Animation.cpp
A:\Frkatale++\Fractal Explorer\Fractal Explorer\sources\Andrzej\Animation.cpp(10,47): warning C4244: "argument": konwersja z "float" do "T", możliwa utrata danych
          with
          [
              T=int
          ]
A:\Frkatale++\Fractal Explorer\Fractal Explorer\sources\Andrzej\Animation.cpp(10,40): warning C4244: "argument": konwersja z "float" do "T", możliwa utrata danych
          with
          [
              T=int
          ]
A:\Frkatale++\Fractal Explorer\Fractal Explorer\sources\Andrzej\Animation.cpp(21,43): warning C4244: "+=": konwersja z "float" do "T", możliwa utrata danych
          with
          [
              T=int
          ]
  Collision.cpp
  Enemy.cpp
A:\Frkatale++\Fractal Explorer\Fractal Explorer\sources\Andrzej\Enemy.cpp(89,84): warning C4244: "-=": konwersja z "float" do "int", możliwa utrata danych
  EnemyControl.cpp
  Music.cpp
  ExpRenderTexture.cpp
  FractalChart.cpp
A:\Frkatale++\Fractal Explorer\Fractal Explorer\sources\Antoni\FractalChart.cpp(26,37): warning C4244: "argument": konwersja z "uint16_t" do "sf::Uint8", możliwa utrata danych
A:\Frkatale++\Fractal Explorer\Fractal Explorer\sources\Antoni\FractalChart.cpp(42,38): warning C4244: "=": konwersja z "int" do "T", możliwa utrata danych
          with
          [
              T=float
          ]
A:\Frkatale++\Fractal Explorer\Fractal Explorer\sources\Antoni\FractalChart.cpp(43,38): warning C4244: "=": konwersja z "int" do "T", możliwa utrata danych
          with
          [
              T=float
          ]
A:\Frkatale++\Fractal Explorer\Fractal Explorer\sources\Antoni\FractalChart.cpp(59,74): warning C4244: "argument": konwersja z "double" do "T", możliwa utrata danych
          with
          [
              T=float
          ]
A:\Frkatale++\Fractal Explorer\Fractal Explorer\sources\Antoni\FractalChart.cpp(59,56): warning C4244: "argument": konwersja z "double" do "T", możliwa utrata danych
          with
          [
              T=float
          ]
A:\Frkatale++\Fractal Explorer\Fractal Explorer\sources\Antoni\FractalChart.cpp(65,23): warning C4244: "argument": konwersja z "double" do "T", możliwa utrata danych
          with
          [
              T=int
          ]
A:\Frkatale++\Fractal Explorer\Fractal Explorer\sources\Antoni\FractalChart.cpp(64,23): warning C4244: "argument": konwersja z "double" do "T", możliwa utrata danych
          with
          [
              T=int
          ]
  FractalCollision.cpp
  MandelViewer.cpp
A:\Frkatale++\Fractal Explorer\Fractal Explorer\sources\Antoni\MandelViewer.cpp(78,104): warning C4244: "argument": konwersja z "double" do "sf::Uint8", możliwa utrata danych
A:\Frkatale++\Fractal Explorer\Fractal Explorer\sources\Antoni\MandelViewer.cpp(78,73): warning C4244: "argument": konwersja z "double" do "sf::Uint8", możliwa utrata danych
A:\Frkatale++\Fractal Explorer\Fractal Explorer\sources\Antoni\MandelViewer.cpp(142,113): warning C4244: "argument": konwersja z "double" do "float", możliwa utrata danych
A:\Frkatale++\Fractal Explorer\Fractal Explorer\sources\Antoni\MandelViewer.cpp(142,66): warning C4244: "argument": konwersja z "double" do "float", możliwa utrata danych
C:\Program Files (x86)\Microsoft Visual Studio\2019\Community\VC\Tools\MSVC\14.24.28314\include\type_traits(1579,1): warning C4267: "argument": konwersja z "size_t" do "sf::Uint8", możliwa utrata danych
C:\Program Files (x86)\Microsoft Visual Studio\2019\Community\VC\Tools\MSVC\14.24.28314\include\type_traits(1579): message : zobacz odwołanie do kompilowanego tworzenia wystąpienia „void std::_Invoker_functor::_Call<void(__cdecl *&)(FractalRenderer *,sf::Uint8),_Cv_TiD&,size_t&>(_Callable,_Cv_TiD &,size_t &) noexcept(false)” funkcji szablon
          with
          [
              _Cv_TiD=FractalRenderer *,
              _Callable=void (__cdecl *&)(FractalRenderer *,sf::Uint8)
          ]
C:\Program Files (x86)\Microsoft Visual Studio\2019\Community\VC\Tools\MSVC\14.24.28314\include\type_traits(1613): message : zobacz odwołanie do kompilowanego tworzenia wystąpienia „void std::invoke<void(__cdecl *&)(FractalRenderer *,sf::Uint8),_Cv_TiD&,size_t&>(_Callable,_Cv_TiD &,size_t &) noexcept(false)” funkcji szablon
          with
          [
              _Cv_TiD=FractalRenderer *,
              _Callable=void (__cdecl *&)(FractalRenderer *,sf::Uint8)
          ]
C:\Program Files (x86)\Microsoft Visual Studio\2019\Community\VC\Tools\MSVC\14.24.28314\include\functional(1400): message : zobacz odwołanie do kompilowanego tworzenia wystąpienia „void std::_Invoker_ret<std::_Unforced,false>::_Call<void(__cdecl *&)(FractalRenderer *,sf::Uint8),_Cv_TiD&,unsigned __int64&>(void (__cdecl *&)(FractalRenderer *,sf::Uint8),_Cv_TiD &,unsigned __int64 &)” funkcji szablon
          with
          [
              _Cv_TiD=FractalRenderer *
          ]
C:\Program Files (x86)\Microsoft Visual Studio\2019\Community\VC\Tools\MSVC\14.24.28314\include\functional(1442): message : zobacz odwołanie do kompilowanego tworzenia wystąpienia „void std::_Call_binder<std::_Unforced,0,1,void(__cdecl *)(FractalRenderer *,sf::Uint8),_Ty2,std::tuple<>>(std::_Invoker_ret<std::_Unforced,false>,std::integer_sequence<unsigned __int64,0,1>,_Cv_FD &,_Cv_tuple_TiD &,_Untuple &&)” funkcji szablon
          with
          [
              _Ty2=std::tuple<FractalRenderer *,unsigned __int64>,
              _Cv_FD=void (__cdecl *)(FractalRenderer *,sf::Uint8),
              _Cv_tuple_TiD=std::tuple<FractalRenderer *,unsigned __int64>,
              _Untuple=std::tuple<>
          ]
A:\Frkatale++\Fractal Explorer\libraries\SFML\include\SFML\System\Thread.inl(39): message : zobacz odwołanie do kompilowanego tworzenia wystąpienia „void std::_Binder<std::_Unforced,void (__cdecl *)(FractalRenderer *,sf::Uint8),FractalRenderer *,size_t &>::operator ()<>(void)” funkcji szablon
A:\Frkatale++\Fractal Explorer\libraries\SFML\include\SFML\System\Thread.inl(39): message : zobacz odwołanie do kompilowanego tworzenia wystąpienia „void std::_Binder<std::_Unforced,void (__cdecl *)(FractalRenderer *,sf::Uint8),FractalRenderer *,size_t &>::operator ()<>(void)” funkcji szablon
A:\Frkatale++\Fractal Explorer\libraries\SFML\include\SFML\System\Thread.inl(39): message : podczas kompilowania funkcji składowej „void sf::priv::ThreadFunctor<F>::run(void)” klasy klasa szablon
          with
          [
              F=std::_Binder<std::_Unforced,void (__cdecl *)(FractalRenderer *,sf::Uint8),FractalRenderer *,size_t &>
          ]
A:\Frkatale++\Fractal Explorer\libraries\SFML\include\SFML\System\Thread.inl(70): message : zobacz odwołanie do kompilowanego tworzenia wystąpienia „sf::priv::ThreadFunctor<F>” klasy klasa szablon
          with
          [
              F=std::_Binder<std::_Unforced,void (__cdecl *)(FractalRenderer *,sf::Uint8),FractalRenderer *,size_t &>
          ]
A:\Frkatale++\Fractal Explorer\Fractal Explorer\sources\Antoni\MandelViewer.cpp(356): message : zobacz odwołanie do kompilowanego tworzenia wystąpienia „sf::Thread::Thread<std::_Binder<std::_Unforced,void (__cdecl *)(FractalRenderer *,sf::Uint8),FractalRenderer *,size_t &>>(F)” funkcji szablon
          with
          [
              F=std::_Binder<std::_Unforced,void (__cdecl *)(FractalRenderer *,sf::Uint8),FractalRenderer *,size_t &>
          ]
  gameScene.cpp
  main.cpp
  Player.cpp
A:\Frkatale++\Fractal Explorer\Fractal Explorer\sources\Andrzej\Player.cpp(100,85): warning C4244: "-=": konwersja z "float" do "int", możliwa utrata danych
A:\Frkatale++\Fractal Explorer\Fractal Explorer\sources\Andrzej\Player.cpp(113,35): warning C4244: "argument": konwersja z "double" do "T", możliwa utrata danych
          with
          [
              T=float
          ]
  PlayerAnimation.cpp
A:\Frkatale++\Fractal Explorer\Fractal Explorer\sources\Andrzej\PlayerAnimation.cpp(7,35): warning C4244: "=": konwersja z "float" do "T", możliwa utrata danych
          with
          [
              T=int
          ]
A:\Frkatale++\Fractal Explorer\Fractal Explorer\sources\Andrzej\PlayerAnimation.cpp(18,43): warning C4244: "+=": konwersja z "float" do "T", możliwa utrata danych
          with
          [
              T=int
          ]
  World.cpp
  menuScene.cpp
  pauseScene.cpp
A:\Frkatale++\Fractal Explorer\Fractal Explorer\sources\pauseScene.cpp(24,69): warning C4305: "argument": obcięcie z "double" do "float"
  scenes.cpp
  AssetManager.cpp
  Game.cpp
  GameState.cpp
  Trwa kompilowanie...
  InputManager.cpp
  MainMenuState.cpp
  PauseState.cpp
  SplashState.cpp
  StateMachine.cpp
  Trwa generowanie kodu
  826 of 1002 functions (82.4%) were compiled, the rest were copied from previous compilation.
    388 functions were new in current compilation
    33 functions had inline decision re-evaluated but remain unchanged
  Zakończono generowanie kodu
  Fractal Explorer.vcxproj -> A:\Frkatale++\Fractal Explorer\\bin\x64\Release\Fractal Explorer.exe
