c:\users\anton\source\repos\mandelbrot\bin\intermediates\win32\debug\vc142.pdb
c:\users\anton\source\repos\mandelbrot\bin\intermediates\win32\debug\vc142.idb
c:\users\anton\source\repos\mandelbrot\bin\intermediates\win32\debug\main.obj
c:\users\anton\source\repos\mandelbrot\bin\intermediates\win32\debug\mandelviewer.obj
c:\users\anton\source\repos\mandelbrot\\bin\win32\debug\mandelbrot.pdb
c:\users\anton\source\repos\mandelbrot\bin\intermediates\win32\debug\mandelbrot.tlog\cl.command.1.tlog
c:\users\anton\source\repos\mandelbrot\bin\intermediates\win32\debug\mandelbrot.tlog\cl.read.1.tlog
c:\users\anton\source\repos\mandelbrot\bin\intermediates\win32\debug\mandelbrot.tlog\cl.write.1.tlog
c:\users\anton\source\repos\mandelbrot\bin\intermediates\win32\debug\mandelbrot.tlog\link-cvtres.read.1.tlog
c:\users\anton\source\repos\mandelbrot\bin\intermediates\win32\debug\mandelbrot.tlog\link-cvtres.write.1.tlog
c:\users\anton\source\repos\mandelbrot\bin\intermediates\win32\debug\mandelbrot.tlog\link-rc.read.1.tlog
c:\users\anton\source\repos\mandelbrot\bin\intermediates\win32\debug\mandelbrot.tlog\link-rc.write.1.tlog
c:\users\anton\source\repos\mandelbrot\bin\intermediates\win32\debug\mandelbrot.tlog\link.4936-cvtres.read.1.tlog
c:\users\anton\source\repos\mandelbrot\bin\intermediates\win32\debug\mandelbrot.tlog\link.4936-cvtres.write.1.tlog
c:\users\anton\source\repos\mandelbrot\bin\intermediates\win32\debug\mandelbrot.tlog\link.4936-rc.read.1.tlog
c:\users\anton\source\repos\mandelbrot\bin\intermediates\win32\debug\mandelbrot.tlog\link.4936-rc.write.1.tlog
c:\users\anton\source\repos\mandelbrot\bin\intermediates\win32\debug\mandelbrot.tlog\link.4936.read.1.tlog
c:\users\anton\source\repos\mandelbrot\bin\intermediates\win32\debug\mandelbrot.tlog\link.4936.write.1.tlog
c:\users\anton\source\repos\mandelbrot\bin\intermediates\win32\debug\mandelbrot.tlog\link.command.1.tlog
c:\users\anton\source\repos\mandelbrot\bin\intermediates\win32\debug\mandelbrot.tlog\link.read.1.tlog
c:\users\anton\source\repos\mandelbrot\bin\intermediates\win32\debug\mandelbrot.tlog\link.write.1.tlog
